Using pre-set license
Built from '2020.3/staging' branch; Version is '2020.3.5f1 (8095aa901b9b) revision 8426922'; Using compiler version '192528614'; Build Type 'Release'
OS: 'Windows 10 Pro; OS build 19042.1052; Version 2009; 64bit' Language: 'en' Physical Memory: 8075 MB
BatchMode: 1, IsHumanControllingUs: 0, StartBugReporterOnCrash: 0, Is64bit: 1, IsPro: 0

 COMMAND LINE ARGUMENTS:
C:\Program Files\Unity\Hub\Editor\2020.3.5f1\Editor\Unity.exe
-adb2
-batchMode
-noUpm
-name
AssetImportWorker0
-projectPath
D:/Game By Me
-logFile
Logs/AssetImportWorker0.log
-srvPort
58572
Successfully changed project path to: D:/Game By Me
D:/Game By Me
Using Asset Import Pipeline V2.
Refreshing native plugins compatible for Editor in 39.44 ms, found 1 plugins.
Preloading 0 native plugins for Editor in 0.00 ms.
Initialize engine version: 2020.3.5f1 (8095aa901b9b)
[Subsystems] Discovering subsystems at path C:/Program Files/Unity/Hub/Editor/2020.3.5f1/Editor/Data/Resources/UnitySubsystems
[Subsystems] Discovering subsystems at path D:/Game By Me/Assets
GfxDevice: creating device client; threaded=0
Direct3D:
    Version:  Direct3D 11.0 [level 11.1]
    Renderer: NVIDIA GeForce GTX 1050 Ti (ID=0x1c8c)
    Vendor:   
    VRAM:     4018 MB
    Driver:   27.21.14.6109
Initialize mono
Mono path[0] = 'C:/Program Files/Unity/Hub/Editor/2020.3.5f1/Editor/Data/Managed'
Mono path[1] = 'C:/Program Files/Unity/Hub/Editor/2020.3.5f1/Editor/Data/MonoBleedingEdge/lib/mono/unityjit'
Mono config path = 'C:/Program Files/Unity/Hub/Editor/2020.3.5f1/Editor/Data/MonoBleedingEdge/etc'
Using monoOptions --debugger-agent=transport=dt_socket,embedding=1,server=y,suspend=n,address=127.0.0.1:56680
Begin MonoManager ReloadAssembly
Registering precompiled unity dll's ...
Register platform support module: C:/Program Files/Unity/Hub/Editor/2020.3.5f1/Editor/Data/PlaybackEngines/WebGLSupport/UnityEditor.WebGL.Extensions.dll
Register platform support module: C:/Program Files/Unity/Hub/Editor/2020.3.5f1/Editor/Data/PlaybackEngines/WindowsStandaloneSupport/UnityEditor.WindowsStandalone.Extensions.dll
Registered in 0.003133 seconds.
Native extension for WindowsStandalone target not found
Native extension for WebGL target not found
Refreshing native plugins compatible for Editor in 47.96 ms, found 1 plugins.
Preloading 0 native plugins for Editor in 0.00 ms.
Mono: successfully reloaded assembly
- Completed reload, in  1.599 seconds
Platform modules already initialized, skipping
Registering precompiled user dll's ...
Registered in 0.000991 seconds.
Begin MonoManager ReloadAssembly
Native extension for WindowsStandalone target not found
Native extension for WebGL target not found
Refreshing native plugins compatible for Editor in 47.77 ms, found 1 plugins.
Preloading 0 native plugins for Editor in 0.00 ms.
Mono: successfully reloaded assembly
- Completed reload, in  1.232 seconds
Platform modules already initialized, skipping
========================================================================
Worker process is ready to serve import requests
Launched and connected shader compiler UnityShaderCompiler.exe after 0.14 seconds
Refreshing native plugins compatible for Editor in 0.40 ms, found 1 plugins.
Preloading 0 native plugins for Editor in 0.00 ms.
Unloading 1812 Unused Serialized files (Serialized files now loaded: 0)
System memory in use before: 85.0 MB.
System memory in use after: 84.9 MB.

Unloading 24 unused Assets to reduce memory usage. Loaded Objects now: 2255.
Total: 6.635600 ms (FindLiveObjects: 1.714300 ms CreateObjectMapping: 1.164700 ms MarkObjects: 3.587600 ms  DeleteObjects: 0.164800 ms)

========================================================================
Received Import Request.
  path: Assets/State/PinkCabin/PinkCabin-Inside.asset
  artifactKey: Guid(88595e72eb26aca4d8c65e5b99db111e) Importer(815301076,1909f56bfc062723c751e8b465ee728b)
Start importing Assets/State/PinkCabin/PinkCabin-Inside.asset using Guid(88595e72eb26aca4d8c65e5b99db111e) Importer(815301076,1909f56bfc062723c751e8b465ee728b)  -> (artifact id: '656c1fefa879a5ce0c6233fa51128c42') in 0.162413 seconds
  Import took 0.232449 seconds .

========================================================================
Received Import Request.
  Time since last request: 0.000386 seconds.
  path: Assets/State/PinkCabin/PinkCabin-Basement.asset
  artifactKey: Guid(4904897b1d0fa9f4a8867216870ac06a) Importer(815301076,1909f56bfc062723c751e8b465ee728b)
Start importing Assets/State/PinkCabin/PinkCabin-Basement.asset using Guid(4904897b1d0fa9f4a8867216870ac06a) Importer(815301076,1909f56bfc062723c751e8b465ee728b)  -> (artifact id: 'fd61a2fffbb8db0f96ee45f874e2a06c') in 0.039901 seconds
  Import took 0.088258 seconds .

========================================================================
Received Import Request.
  Time since last request: 0.000527 seconds.
  path: Assets/State/PinkCabin/PinkCabin-TheBoy-2.asset
  artifactKey: Guid(66d7739873adbc8419241d2eeb135f39) Importer(815301076,1909f56bfc062723c751e8b465ee728b)
Start importing Assets/State/PinkCabin/PinkCabin-TheBoy-2.asset using Guid(66d7739873adbc8419241d2eeb135f39) Importer(815301076,1909f56bfc062723c751e8b465ee728b)  -> (artifact id: '09da39eb3427aafee7d074d7c387f666') in 0.003755 seconds
  Import took 0.027186 seconds .

========================================================================
Received Import Request.
  Time since last request: 0.000281 seconds.
  path: Assets/State/PinkCabin/BadEnd-Spider.asset
  artifactKey: Guid(68004f733052d1847a37514f8180d0aa) Importer(815301076,1909f56bfc062723c751e8b465ee728b)
Start importing Assets/State/PinkCabin/BadEnd-Spider.asset using Guid(68004f733052d1847a37514f8180d0aa) Importer(815301076,1909f56bfc062723c751e8b465ee728b)  -> (artifact id: 'a61342be44cb0a61735886267a61e339') in 0.038944 seconds
  Import took 0.124483 seconds .

========================================================================
Received Import Request.
  Time since last request: 0.000348 seconds.
  path: Assets/State/PinkCabin/PinkCabin-TheBoy.asset
  artifactKey: Guid(aca824244f57d044882a98c167b11455) Importer(815301076,1909f56bfc062723c751e8b465ee728b)
Start importing Assets/State/PinkCabin/PinkCabin-TheBoy.asset using Guid(aca824244f57d044882a98c167b11455) Importer(815301076,1909f56bfc062723c751e8b465ee728b)  -> (artifact id: 'c8b80acc0a9649497490a46efda9b866') in 0.003453 seconds
  Import took 0.016580 seconds .

========================================================================
Received Import Request.
  Time since last request: 0.000257 seconds.
  path: Assets/State/PinkCabin/BadEnd-Cage.asset
  artifactKey: Guid(ac3e7ada37be46d46b2a0f24a498877d) Importer(815301076,1909f56bfc062723c751e8b465ee728b)
Start importing Assets/State/PinkCabin/BadEnd-Cage.asset using Guid(ac3e7ada37be46d46b2a0f24a498877d) Importer(815301076,1909f56bfc062723c751e8b465ee728b)  -> (artifact id: '2295cddc4cb91a5c0a7add1b3122cdb0') in 0.047970 seconds
  Import took 0.103051 seconds .

========================================================================
Received Import Request.
  Time since last request: 0.000317 seconds.
  path: Assets/State/PinkCabin/PinkCabin-Decline.asset
  artifactKey: Guid(9d63dba1f0bb8fc45921258e5e838bab) Importer(815301076,1909f56bfc062723c751e8b465ee728b)
Start importing Assets/State/PinkCabin/PinkCabin-Decline.asset using Guid(9d63dba1f0bb8fc45921258e5e838bab) Importer(815301076,1909f56bfc062723c751e8b465ee728b)  -> (artifact id: '943a6bbc2c527da28c0ac28f8cfecece') in 0.013902 seconds
  Import took 0.073056 seconds .

========================================================================
Received Import Request.
  Time since last request: 0.000332 seconds.
  path: Assets/State/PinkCabin/PinkCabin-Terrarium.asset
  artifactKey: Guid(5de28a6b4a37d0c4aaa6695bcbd07131) Importer(815301076,1909f56bfc062723c751e8b465ee728b)
Start importing Assets/State/PinkCabin/PinkCabin-Terrarium.asset using Guid(5de28a6b4a37d0c4aaa6695bcbd07131) Importer(815301076,1909f56bfc062723c751e8b465ee728b)  -> (artifact id: '1a3856e2ff36d9f27b48caadb79a3c0b') in 0.004258 seconds
  Import took 0.023706 seconds .

========================================================================
Received Import Request.
  Time since last request: 0.000269 seconds.
  path: Assets/State/PinkCabin/PinkCabin-Poisoned.asset
  artifactKey: Guid(00506dc1080b219448da58b77ea2636b) Importer(815301076,1909f56bfc062723c751e8b465ee728b)
Start importing Assets/State/PinkCabin/PinkCabin-Poisoned.asset using Guid(00506dc1080b219448da58b77ea2636b) Importer(815301076,1909f56bfc062723c751e8b465ee728b)  -> (artifact id: 'c5fb23628c56ee0d126480c107e3a48d') in 0.037441 seconds
  Import took 0.091830 seconds .

========================================================================
Received Import Request.
  Time since last request: 0.000353 seconds.
  path: Assets/State/PinkCabin/BadEnd-Snake.asset
  artifactKey: Guid(217751bf700c24c46bc5066086bed64a) Importer(815301076,1909f56bfc062723c751e8b465ee728b)
Start importing Assets/State/PinkCabin/BadEnd-Snake.asset using Guid(217751bf700c24c46bc5066086bed64a) Importer(815301076,1909f56bfc062723c751e8b465ee728b)  -> (artifact id: 'a14da79cb41bf29a633e9c6c1d07b6bc') in 0.058808 seconds
  Import took 0.081044 seconds .

========================================================================
Received Import Request.
  Time since last request: 0.000336 seconds.
  path: Assets/State/PinkCabin/PinkCabin-Start.asset
  artifactKey: Guid(3f299ef773c6e644989058aacfdcaa3b) Importer(815301076,1909f56bfc062723c751e8b465ee728b)
Start importing Assets/State/PinkCabin/PinkCabin-Start.asset using Guid(3f299ef773c6e644989058aacfdcaa3b) Importer(815301076,1909f56bfc062723c751e8b465ee728b)  -> (artifact id: 'c6c515d50bf4a8cb6bdcd41d5053a0fc') in 0.013226 seconds
  Import took 0.055518 seconds .

========================================================================
Received Import Request.
  Time since last request: 0.000353 seconds.
  path: Assets/State/PinkCabin/BadEnd-Trap.asset
  artifactKey: Guid(2dbefc079298b3842a367999271bc3e3) Importer(815301076,1909f56bfc062723c751e8b465ee728b)
Start importing Assets/State/PinkCabin/BadEnd-Trap.asset using Guid(2dbefc079298b3842a367999271bc3e3) Importer(815301076,1909f56bfc062723c751e8b465ee728b)  -> (artifact id: 'a164849ec8c209c16e576b1c627c28be') in 0.010702 seconds
  Import took 0.015499 seconds .

========================================================================
Received Import Request.
  Time since last request: 0.000315 seconds.
  path: Assets/State/PinkCabin/PinkCabin-Sleep.asset
  artifactKey: Guid(0ad75004fec750641b3fc75425c3a47b) Importer(815301076,1909f56bfc062723c751e8b465ee728b)
Start importing Assets/State/PinkCabin/PinkCabin-Sleep.asset using Guid(0ad75004fec750641b3fc75425c3a47b) Importer(815301076,1909f56bfc062723c751e8b465ee728b)  -> (artifact id: 'e2f05cc81d13ad63a07be42b2edfca61') in 0.046737 seconds
  Import took 0.051452 seconds .

========================================================================
Received Import Request.
  Time since last request: 0.000322 seconds.
  path: Assets/State/PinkCabin/BadEnd-Drown.asset
  artifactKey: Guid(7dc08d5ddcecc9f48aa7a95f5f40cb12) Importer(815301076,1909f56bfc062723c751e8b465ee728b)
Start importing Assets/State/PinkCabin/BadEnd-Drown.asset using Guid(7dc08d5ddcecc9f48aa7a95f5f40cb12) Importer(815301076,1909f56bfc062723c751e8b465ee728b)  -> (artifact id: '6ff50e68aaf57b4d829184e414672c7f') in 0.051681 seconds
  Import took 0.077827 seconds .

========================================================================
Received Import Request.
  Time since last request: 464.385776 seconds.
  path: Assets/State/ErrorText-1.asset
  artifactKey: Guid(3946ab752590dc44594790c8c8a37215) Importer(815301076,1909f56bfc062723c751e8b465ee728b)
Start importing Assets/State/ErrorText-1.asset using Guid(3946ab752590dc44594790c8c8a37215) Importer(815301076,1909f56bfc062723c751e8b465ee728b)  -> (artifact id: 'b3eca0feba03a5d9bfec79cac1e5ce0c') in 0.007865 seconds
  Import took 0.043567 seconds .

========================================================================
Received Import Request.
  Time since last request: 0.000344 seconds.
  path: Assets/State/ErrorText-2.asset
  artifactKey: Guid(2daa25d3143c563498d7858015b27305) Importer(815301076,1909f56bfc062723c751e8b465ee728b)
Start importing Assets/State/ErrorText-2.asset using Guid(2daa25d3143c563498d7858015b27305) Importer(815301076,1909f56bfc062723c751e8b465ee728b)  -> (artifact id: '6afd62bb093922405e68212488e46dfb') in 0.061914 seconds
  Import took 0.095619 seconds .

========================================================================
Received Import Request.
  Time since last request: 0.000362 seconds.
  path: Assets/State/GoingLeftScene.asset
  artifactKey: Guid(27576b0f8eaa5424a9b12b5a790cd9a2) Importer(815301076,1909f56bfc062723c751e8b465ee728b)
Start importing Assets/State/GoingLeftScene.asset using Guid(27576b0f8eaa5424a9b12b5a790cd9a2) Importer(815301076,1909f56bfc062723c751e8b465ee728b)  -> (artifact id: 'f41b9da7e30961b4a3e198f7ff81e4ab') in 0.014057 seconds
  Import took 0.019268 seconds .

========================================================================
Received Import Request.
  Time since last request: 0.000364 seconds.
  path: Assets/State/ErrorText-3.asset
  artifactKey: Guid(f631f8472e297b54daeadcf5053a0683) Importer(815301076,1909f56bfc062723c751e8b465ee728b)
Start importing Assets/State/ErrorText-3.asset using Guid(f631f8472e297b54daeadcf5053a0683) Importer(815301076,1909f56bfc062723c751e8b465ee728b)  -> (artifact id: '6e8d74b73f6c713a0be24e51f845549d') in 0.032231 seconds
  Import took 0.049788 seconds .

========================================================================
Received Import Request.
  Time since last request: 5.272661 seconds.
  path: Assets/State/Forest/BadEnd-HidingWerewolf.asset
  artifactKey: Guid(c0497ecc323d73748a168dd5cad6ede4) Importer(815301076,1909f56bfc062723c751e8b465ee728b)
Start importing Assets/State/Forest/BadEnd-HidingWerewolf.asset using Guid(c0497ecc323d73748a168dd5cad6ede4) Importer(815301076,1909f56bfc062723c751e8b465ee728b)  -> (artifact id: '5052e3d0f8420b0866243bb434c199c2') in 0.232260 seconds
  Import took 0.269881 seconds .

========================================================================
Received Import Request.
  Time since last request: 0.000300 seconds.
  path: Assets/State/Forest/Forest-Stuck-2.asset
  artifactKey: Guid(ab31191bdf226ec40b24d53402a97031) Importer(815301076,1909f56bfc062723c751e8b465ee728b)
Start importing Assets/State/Forest/Forest-Stuck-2.asset using Guid(ab31191bdf226ec40b24d53402a97031) Importer(815301076,1909f56bfc062723c751e8b465ee728b)  -> (artifact id: '5e26ac4336f008c6f2377da9b53ccfc2') in 0.046039 seconds
  Import took 0.085150 seconds .

========================================================================
Received Import Request.
  Time since last request: 0.000327 seconds.
  path: Assets/State/Forest/Forest-FindCabin.asset
  artifactKey: Guid(78e8d9109f954df499996a7350c63cb1) Importer(815301076,1909f56bfc062723c751e8b465ee728b)
Start importing Assets/State/Forest/Forest-FindCabin.asset using Guid(78e8d9109f954df499996a7350c63cb1) Importer(815301076,1909f56bfc062723c751e8b465ee728b)  -> (artifact id: '020e80b9db4fdc0ac8cf14fd30424b44') in 0.008096 seconds
  Import took 0.037100 seconds .

========================================================================
Received Import Request.
  Time since last request: 0.000293 seconds.
  path: Assets/State/Forest/Forest-Stuck.asset
  artifactKey: Guid(aa4cd34e75912804bb10e68765111248) Importer(815301076,1909f56bfc062723c751e8b465ee728b)
Start importing Assets/State/Forest/Forest-Stuck.asset using Guid(aa4cd34e75912804bb10e68765111248) Importer(815301076,1909f56bfc062723c751e8b465ee728b)  -> (artifact id: '424b945087da117ec3304599be8914c4') in 0.009979 seconds
  Import took 0.138592 seconds .

========================================================================
Received Import Request.
  Time since last request: 0.000259 seconds.
  path: Assets/State/Forest/Forest-Fight.asset
  artifactKey: Guid(3e1bc34165c9ab34a8187a0484330ff6) Importer(815301076,1909f56bfc062723c751e8b465ee728b)
Start importing Assets/State/Forest/Forest-Fight.asset using Guid(3e1bc34165c9ab34a8187a0484330ff6) Importer(815301076,1909f56bfc062723c751e8b465ee728b)  -> (artifact id: '8a3b9897556bc9fb675df8bac2aacfa4') in 0.008310 seconds
  Import took 0.040286 seconds .

========================================================================
Received Import Request.
  Time since last request: 0.000326 seconds.
  path: Assets/State/Forest/GoodEnd-Unknown.asset
  artifactKey: Guid(f5a6000412979aa43913c6e4c53b5cd9) Importer(815301076,1909f56bfc062723c751e8b465ee728b)
Start importing Assets/State/Forest/GoodEnd-Unknown.asset using Guid(f5a6000412979aa43913c6e4c53b5cd9) Importer(815301076,1909f56bfc062723c751e8b465ee728b)  -> (artifact id: 'f1a3c7a5685f327ae3e57bd8596e234d') in 0.072437 seconds
  Import took 0.129642 seconds .

========================================================================
Received Import Request.
  Time since last request: 0.000304 seconds.
  path: Assets/State/Forest/BadEnd-Stuck.asset
  artifactKey: Guid(4ad8c90403a77924a9579466819c773b) Importer(815301076,1909f56bfc062723c751e8b465ee728b)
Start importing Assets/State/Forest/BadEnd-Stuck.asset using Guid(4ad8c90403a77924a9579466819c773b) Importer(815301076,1909f56bfc062723c751e8b465ee728b)  -> (artifact id: '9d16af4e708b9a015cbeccd53dfaf74b') in 0.007232 seconds
  Import took 0.074304 seconds .

========================================================================
Received Import Request.
  Time since last request: 0.000363 seconds.
  path: Assets/State/Forest/Forest-Howl.asset
  artifactKey: Guid(2b44f2851d7322d4a8ca8ef2bc90d998) Importer(815301076,1909f56bfc062723c751e8b465ee728b)
Start importing Assets/State/Forest/Forest-Howl.asset using Guid(2b44f2851d7322d4a8ca8ef2bc90d998) Importer(815301076,1909f56bfc062723c751e8b465ee728b)  -> (artifact id: 'b9d2d047d1648236a7657e7bb378357c') in 0.007906 seconds
  Import took 0.169739 seconds .

========================================================================
Received Import Request.
  Time since last request: 199.596420 seconds.
  path: Assets/State/Attic/AtticScene-Start.asset
  artifactKey: Guid(0cd3b9716db1234448ec2f3d5392443d) Importer(815301076,1909f56bfc062723c751e8b465ee728b)
Start importing Assets/State/Attic/AtticScene-Start.asset using Guid(0cd3b9716db1234448ec2f3d5392443d) Importer(815301076,1909f56bfc062723c751e8b465ee728b)  -> (artifact id: 'b8df874cd152b757c1c3939670a8103e') in 0.035193 seconds
  Import took 0.086389 seconds .

========================================================================
Received Import Request.
  Time since last request: 12.435185 seconds.
  path: Assets/State/Attic/AtticScene-Chest.asset
  artifactKey: Guid(62ea7dd11fa870b4e8a66c3199e00fd5) Importer(815301076,1909f56bfc062723c751e8b465ee728b)
Start importing Assets/State/Attic/AtticScene-Chest.asset using Guid(62ea7dd11fa870b4e8a66c3199e00fd5) Importer(815301076,1909f56bfc062723c751e8b465ee728b)  -> (artifact id: '309665ff2f5a97a9ed05ed929aafc4ac') in 0.052417 seconds
  Import took 0.104336 seconds .

========================================================================
Received Import Request.
  Time since last request: 7.922077 seconds.
  path: Assets/State/Attic/AtticScene-Doll-A.asset
  artifactKey: Guid(673776d859ef0714fa00f91a90e01250) Importer(815301076,1909f56bfc062723c751e8b465ee728b)
Start importing Assets/State/Attic/AtticScene-Doll-A.asset using Guid(673776d859ef0714fa00f91a90e01250) Importer(815301076,1909f56bfc062723c751e8b465ee728b)  -> (artifact id: 'ce7bdd589fcbb7cde6472414e83e8a49') in 0.009642 seconds
  Import took 0.029151 seconds .

========================================================================
Received Import Request.
  Time since last request: 5.152275 seconds.
  path: Assets/State/Attic/AtticScene-Doll-B.asset
  artifactKey: Guid(1b298e860ededbf4a8bf51d11f49ffa5) Importer(815301076,1909f56bfc062723c751e8b465ee728b)
Start importing Assets/State/Attic/AtticScene-Doll-B.asset using Guid(1b298e860ededbf4a8bf51d11f49ffa5) Importer(815301076,1909f56bfc062723c751e8b465ee728b)  -> (artifact id: '1fa6ca4a61393fa9ade5f8155dddbe62') in 0.018220 seconds
  Import took 0.072752 seconds .

========================================================================
Received Import Request.
  Time since last request: 6.112249 seconds.
  path: Assets/State/Attic/AtticScene-Doll.asset
  artifactKey: Guid(ec9f6a7707948ca40868dc4f87e83971) Importer(815301076,1909f56bfc062723c751e8b465ee728b)
Start importing Assets/State/Attic/AtticScene-Doll.asset using Guid(ec9f6a7707948ca40868dc4f87e83971) Importer(815301076,1909f56bfc062723c751e8b465ee728b)  -> (artifact id: '365ae1f560262c3dedd37113339ba719') in 0.008959 seconds
  Import took 0.057430 seconds .

========================================================================
Received Import Request.
  Time since last request: 54.478634 seconds.
  path: Assets/State/Attic/AtticScene-Candle.asset
  artifactKey: Guid(bde5a969a0ac7024a928473f8c115304) Importer(815301076,1909f56bfc062723c751e8b465ee728b)
Start importing Assets/State/Attic/AtticScene-Candle.asset using Guid(bde5a969a0ac7024a928473f8c115304) Importer(815301076,1909f56bfc062723c751e8b465ee728b)  -> (artifact id: '7a04bb10f7f4246f48039bc2e859fb9c') in 0.013174 seconds
  Import took 0.043341 seconds .

========================================================================
Received Import Request.
  Time since last request: 209.468147 seconds.
  path: Assets/State/Attic/AtticScene-LeaveChest.asset
  artifactKey: Guid(76e52930b425c7649b75b29c31f25948) Importer(815301076,1909f56bfc062723c751e8b465ee728b)
Start importing Assets/State/Attic/AtticScene-LeaveChest.asset using Guid(76e52930b425c7649b75b29c31f25948) Importer(815301076,1909f56bfc062723c751e8b465ee728b)  -> (artifact id: 'a97bb54848848cf85e442a6dddac200c') in 0.042675 seconds
  Import took 0.073281 seconds .

========================================================================
Received Import Request.
  Time since last request: 111.871437 seconds.
  path: Assets/State/Forest/Forest-Wrong.asset
  artifactKey: Guid(44656363298bbef4d8f95ad4e1604b2b) Importer(815301076,1909f56bfc062723c751e8b465ee728b)
Start importing Assets/State/Forest/Forest-Wrong.asset using Guid(44656363298bbef4d8f95ad4e1604b2b) Importer(815301076,1909f56bfc062723c751e8b465ee728b)  -> (artifact id: '20d55197e9f6c2f5731bf6094d6f22cb') in 0.031748 seconds
  Import took 0.063743 seconds .

========================================================================
Received Import Request.
  Time since last request: 51.142369 seconds.
  path: Assets/State/Forest/BadEnd-TheTrue.asset
  artifactKey: Guid(df78e727d68955f44ae7cfd8f9ae5daa) Importer(815301076,1909f56bfc062723c751e8b465ee728b)
Start importing Assets/State/Forest/BadEnd-TheTrue.asset using Guid(df78e727d68955f44ae7cfd8f9ae5daa) Importer(815301076,1909f56bfc062723c751e8b465ee728b)  -> (artifact id: '635b2a45858c8ed9f37a238452f0bb33') in 0.007787 seconds
  Import took 0.043680 seconds .

========================================================================
Received Import Request.
  Time since last request: 37.257137 seconds.
  path: Assets/State/Forest/BadEnd-TheTrue-2.asset
  artifactKey: Guid(13825b02ce9a5b941b6bdf27c17940a9) Importer(815301076,1909f56bfc062723c751e8b465ee728b)
Start importing Assets/State/Forest/BadEnd-TheTrue-2.asset using Guid(13825b02ce9a5b941b6bdf27c17940a9) Importer(815301076,1909f56bfc062723c751e8b465ee728b)  -> (artifact id: '3d448325cc764d18f83906dc6e2be1b3') in 0.007612 seconds
  Import took 0.049823 seconds .

========================================================================
Received Import Request.
  Time since last request: 44.918363 seconds.
  path: Assets/State/Forest/Forest-Run.asset
  artifactKey: Guid(878afa1ed112861499a1a66ab89fa3d1) Importer(815301076,1909f56bfc062723c751e8b465ee728b)
Start importing Assets/State/Forest/Forest-Run.asset using Guid(878afa1ed112861499a1a66ab89fa3d1) Importer(815301076,1909f56bfc062723c751e8b465ee728b)  -> (artifact id: 'da95e3897dbcdc8c2361a99717e936ff') in 0.045981 seconds
  Import took 0.080144 seconds .

========================================================================
Received Import Request.
  Time since last request: 47.972876 seconds.
  path: Assets/State/Forest/Forest-LeftRoute.asset
  artifactKey: Guid(e9a172008116bc94180e25db7b9cef14) Importer(815301076,1909f56bfc062723c751e8b465ee728b)
Start importing Assets/State/Forest/Forest-LeftRoute.asset using Guid(e9a172008116bc94180e25db7b9cef14) Importer(815301076,1909f56bfc062723c751e8b465ee728b)  -> (artifact id: 'f95fad3876d1787b486a4306d34bf217') in 0.035766 seconds
  Import took 0.070820 seconds .

========================================================================
Received Import Request.
  Time since last request: 42.522805 seconds.
  path: Assets/State/Forest/GoodEnd-Survive.asset
  artifactKey: Guid(eceb4c3ccb831d742bb0a2bc538fca7b) Importer(815301076,1909f56bfc062723c751e8b465ee728b)
Start importing Assets/State/Forest/GoodEnd-Survive.asset using Guid(eceb4c3ccb831d742bb0a2bc538fca7b) Importer(815301076,1909f56bfc062723c751e8b465ee728b)  -> (artifact id: '9b9b0c5c087547d260ee31d0ecb62b07') in 0.008480 seconds
  Import took 0.032241 seconds .

========================================================================
Received Prepare
Registering precompiled user dll's ...
Registered in 0.234037 seconds.
Begin MonoManager ReloadAssembly
Native extension for WindowsStandalone target not found
Native extension for WebGL target not found
Refreshing native plugins compatible for Editor in 0.37 ms, found 1 plugins.
Preloading 0 native plugins for Editor in 0.00 ms.
Mono: successfully reloaded assembly
- Completed reload, in  2.135 seconds
Platform modules already initialized, skipping
Refreshing native plugins compatible for Editor in 0.35 ms, found 1 plugins.
Preloading 0 native plugins for Editor in 0.00 ms.
Unloading 1807 Unused Serialized files (Serialized files now loaded: 0)
System memory in use before: 85.1 MB.
System memory in use after: 85.1 MB.

Unloading 12 unused Assets to reduce memory usage. Loaded Objects now: 2259.
Total: 2.994400 ms (FindLiveObjects: 0.355200 ms CreateObjectMapping: 0.088500 ms MarkObjects: 2.385100 ms  DeleteObjects: 0.164400 ms)

========================================================================
Received Import Request.
  Time since last request: 319.244330 seconds.
  path: Assets/State/Basement/BadEnding-MariahCry.asset
  artifactKey: Guid(1446477f0263e7842b9b2b7455db19f6) Importer(815301076,1909f56bfc062723c751e8b465ee728b)
Start importing Assets/State/Basement/BadEnding-MariahCry.asset using Guid(1446477f0263e7842b9b2b7455db19f6) Importer(815301076,1909f56bfc062723c751e8b465ee728b)  -> (artifact id: 'a260b71fead5ae4b63907858a5fece01') in 0.261555 seconds
  Import took 0.344749 seconds .

========================================================================
Received Import Request.
  Time since last request: 0.000289 seconds.
  path: Assets/State/Basement/BadEnding-Killer.asset
  artifactKey: Guid(4e50ad726416c084293c15c685a337c2) Importer(815301076,1909f56bfc062723c751e8b465ee728b)
Start importing Assets/State/Basement/BadEnding-Killer.asset using Guid(4e50ad726416c084293c15c685a337c2) Importer(815301076,1909f56bfc062723c751e8b465ee728b)  -> (artifact id: '39f71c3bc534cc659c03933d80392bc4') in 0.006908 seconds
  Import took 0.027340 seconds .

========================================================================
Received Import Request.
  Time since last request: 0.000340 seconds.
  path: Assets/State/Basement/GoUpstair.asset
  artifactKey: Guid(8d40a383a1c0abb479c2dcdb73eb0154) Importer(815301076,1909f56bfc062723c751e8b465ee728b)
Start importing Assets/State/Basement/GoUpstair.asset using Guid(8d40a383a1c0abb479c2dcdb73eb0154) Importer(815301076,1909f56bfc062723c751e8b465ee728b)  -> (artifact id: 'a3cddf2345232fb726261c70d8358fbc') in 0.074274 seconds
  Import took 0.078310 seconds .

========================================================================
Received Import Request.
  Time since last request: 0.000316 seconds.
  path: Assets/State/Basement/FindTheTrue-2.asset
  artifactKey: Guid(0b575824d366139489e815c1035b744f) Importer(815301076,1909f56bfc062723c751e8b465ee728b)
Start importing Assets/State/Basement/FindTheTrue-2.asset using Guid(0b575824d366139489e815c1035b744f) Importer(815301076,1909f56bfc062723c751e8b465ee728b)  -> (artifact id: 'be66bdb92275561766cd5d10fd65dced') in 0.116932 seconds
  Import took 0.151162 seconds .

========================================================================
Received Import Request.
  Time since last request: 0.000218 seconds.
  path: Assets/State/Basement/Basement Get Out.asset
  artifactKey: Guid(753b6db4974646d459d2dc0d2d33d552) Importer(815301076,1909f56bfc062723c751e8b465ee728b)
Start importing Assets/State/Basement/Basement Get Out.asset using Guid(753b6db4974646d459d2dc0d2d33d552) Importer(815301076,1909f56bfc062723c751e8b465ee728b)  -> (artifact id: '0846da9042ec61b7d3678eb9657f927b') in 0.006809 seconds
  Import took 0.033870 seconds .

========================================================================
Received Import Request.
  Time since last request: 0.000516 seconds.
  path: Assets/State/Basement/LieFriend.asset
  artifactKey: Guid(f8c3b38e3a015374daa64a12a1eed0aa) Importer(815301076,1909f56bfc062723c751e8b465ee728b)
Start importing Assets/State/Basement/LieFriend.asset using Guid(f8c3b38e3a015374daa64a12a1eed0aa) Importer(815301076,1909f56bfc062723c751e8b465ee728b)  -> (artifact id: 'eef207c9e428350e7eddc74bcee5f4cd') in 0.007751 seconds
  Import took 0.030614 seconds .

========================================================================
Received Import Request.
  Time since last request: 0.000321 seconds.
  path: Assets/State/Basement/InspectDarkSpot.asset
  artifactKey: Guid(2248bfb8146ec3c45adae2073b6bd51f) Importer(815301076,1909f56bfc062723c751e8b465ee728b)
Start importing Assets/State/Basement/InspectDarkSpot.asset using Guid(2248bfb8146ec3c45adae2073b6bd51f) Importer(815301076,1909f56bfc062723c751e8b465ee728b)  -> (artifact id: '6a74f18599b93f07362f6afeb1e89498') in 0.009607 seconds
  Import took 0.013573 seconds .

========================================================================
Received Import Request.
  Time since last request: 0.000399 seconds.
  path: Assets/State/Basement/HideMariah.asset
  artifactKey: Guid(d83c012d2c653004a8f9ac7df84310c0) Importer(815301076,1909f56bfc062723c751e8b465ee728b)
Start importing Assets/State/Basement/HideMariah.asset using Guid(d83c012d2c653004a8f9ac7df84310c0) Importer(815301076,1909f56bfc062723c751e8b465ee728b)  -> (artifact id: '8361931137e54de2383e6e7806886cc6') in 0.007375 seconds
  Import took 0.048667 seconds .

========================================================================
Received Import Request.
  Time since last request: 0.000348 seconds.
  path: Assets/State/Basement/OujaBoard-Playing2.asset
  artifactKey: Guid(3ade2a14a5a446b4bb66cc8f2aa210b2) Importer(815301076,1909f56bfc062723c751e8b465ee728b)
Start importing Assets/State/Basement/OujaBoard-Playing2.asset using Guid(3ade2a14a5a446b4bb66cc8f2aa210b2) Importer(815301076,1909f56bfc062723c751e8b465ee728b)  -> (artifact id: 'e2af7aba02f7b30f1564c91afa011cc0') in 0.028793 seconds
  Import took 0.033913 seconds .

========================================================================
Received Import Request.
  Time since last request: 0.001190 seconds.
  path: Assets/State/Basement/BadEnding-KillerB.asset
  artifactKey: Guid(446f5653a7dd5e0419bf1f78cdaf22f5) Importer(815301076,1909f56bfc062723c751e8b465ee728b)
Start importing Assets/State/Basement/BadEnding-KillerB.asset using Guid(446f5653a7dd5e0419bf1f78cdaf22f5) Importer(815301076,1909f56bfc062723c751e8b465ee728b)  -> (artifact id: 'bcff7eaa85ad047383e6f29e76f78532') in 0.033403 seconds
  Import took 0.052421 seconds .

========================================================================
Received Import Request.
  Time since last request: 0.000401 seconds.
  path: Assets/State/Basement/BadEnding-BehindMariah.asset
  artifactKey: Guid(0e922a0c90a1dc14fae333c43cc25115) Importer(815301076,1909f56bfc062723c751e8b465ee728b)
Start importing Assets/State/Basement/BadEnding-BehindMariah.asset using Guid(0e922a0c90a1dc14fae333c43cc25115) Importer(815301076,1909f56bfc062723c751e8b465ee728b)  -> (artifact id: 'e308c68ae33dae05c96c3c228d7170d2') in 0.034795 seconds
  Import took 0.038253 seconds .

========================================================================
Received Import Request.
  Time since last request: 0.000269 seconds.
  path: Assets/State/Basement/Basement-Start.asset
  artifactKey: Guid(ab8a0996ba5d2e54fb674aa6a324b80f) Importer(815301076,1909f56bfc062723c751e8b465ee728b)
Start importing Assets/State/Basement/Basement-Start.asset using Guid(ab8a0996ba5d2e54fb674aa6a324b80f) Importer(815301076,1909f56bfc062723c751e8b465ee728b)  -> (artifact id: '1a5f9f52bef76ef751dcf583dff39959') in 0.094138 seconds
  Import took 0.097492 seconds .

========================================================================
Received Import Request.
  Time since last request: 0.000317 seconds.
  path: Assets/State/Basement/BadEnding-Mariah.asset
  artifactKey: Guid(6bde91328f8613a46957b3d4fc29b0cb) Importer(815301076,1909f56bfc062723c751e8b465ee728b)
Start importing Assets/State/Basement/BadEnding-Mariah.asset using Guid(6bde91328f8613a46957b3d4fc29b0cb) Importer(815301076,1909f56bfc062723c751e8b465ee728b)  -> (artifact id: '1da2cb5aa406c636a8d85712f335dc23') in 0.030017 seconds
  Import took 0.033767 seconds .

========================================================================
Received Import Request.
  Time since last request: 0.000331 seconds.
  path: Assets/State/Basement/PrankMariah.asset
  artifactKey: Guid(8390e09b7537d544da88f068ab8ee3ff) Importer(815301076,1909f56bfc062723c751e8b465ee728b)
Start importing Assets/State/Basement/PrankMariah.asset using Guid(8390e09b7537d544da88f068ab8ee3ff) Importer(815301076,1909f56bfc062723c751e8b465ee728b)  -> (artifact id: '5ad69f14476adfa6d659e86c81844673') in 0.009042 seconds
  Import took 0.037765 seconds .

========================================================================
Received Import Request.
  Time since last request: 0.000329 seconds.
  path: Assets/State/Basement/FindTheTrue-3.asset
  artifactKey: Guid(b769d8f42e4caf249bc02743aa49aed9) Importer(815301076,1909f56bfc062723c751e8b465ee728b)
Start importing Assets/State/Basement/FindTheTrue-3.asset using Guid(b769d8f42e4caf249bc02743aa49aed9) Importer(815301076,1909f56bfc062723c751e8b465ee728b)  -> (artifact id: '5eb5e6c96d597502f1fb43fb63adba43') in 0.008687 seconds
  Import took 0.012090 seconds .

========================================================================
Received Import Request.
  Time since last request: 0.000249 seconds.
  path: Assets/State/Basement/FindTheTrue.asset
  artifactKey: Guid(fee8aadae44ec114bbb8d166b9967be9) Importer(815301076,1909f56bfc062723c751e8b465ee728b)
Start importing Assets/State/Basement/FindTheTrue.asset using Guid(fee8aadae44ec114bbb8d166b9967be9) Importer(815301076,1909f56bfc062723c751e8b465ee728b)  -> (artifact id: 'd8f4931ddd8b48d7faa1e418d06f8783') in 0.009657 seconds
  Import took 0.013363 seconds .

========================================================================
Received Import Request.
  Time since last request: 0.000272 seconds.
  path: Assets/State/Basement/BadEnding-Poisoned.asset
  artifactKey: Guid(9afb710877e75fa4a904b6b1ee08213e) Importer(815301076,1909f56bfc062723c751e8b465ee728b)
Start importing Assets/State/Basement/BadEnding-Poisoned.asset using Guid(9afb710877e75fa4a904b6b1ee08213e) Importer(815301076,1909f56bfc062723c751e8b465ee728b)  -> (artifact id: '4ffb56e3683d984b0eef5ad5a4a296fb') in 0.010505 seconds
  Import took 0.056285 seconds .

========================================================================
Received Import Request.
  Time since last request: 0.000314 seconds.
  path: Assets/State/Basement/BadEnding-PictureMariah.asset
  artifactKey: Guid(528123c852ef61a44a901b8cdd066950) Importer(815301076,1909f56bfc062723c751e8b465ee728b)
Start importing Assets/State/Basement/BadEnding-PictureMariah.asset using Guid(528123c852ef61a44a901b8cdd066950) Importer(815301076,1909f56bfc062723c751e8b465ee728b)  -> (artifact id: 'b879846cb90c2ef11ac94f0411e4be32') in 0.024190 seconds
  Import took 0.027410 seconds .

========================================================================
Received Prepare
Registering precompiled user dll's ...
Registered in 0.000953 seconds.
Begin MonoManager ReloadAssembly
Native extension for WindowsStandalone target not found
Native extension for WebGL target not found
Refreshing native plugins compatible for Editor in 0.87 ms, found 1 plugins.
Preloading 0 native plugins for Editor in 0.00 ms.
Mono: successfully reloaded assembly
- Completed reload, in  1.571 seconds
Platform modules already initialized, skipping
Refreshing native plugins compatible for Editor in 0.60 ms, found 1 plugins.
Preloading 0 native plugins for Editor in 0.00 ms.
Unloading 1807 Unused Serialized files (Serialized files now loaded: 0)
System memory in use before: 85.2 MB.
System memory in use after: 85.2 MB.

Unloading 12 unused Assets to reduce memory usage. Loaded Objects now: 2263.
Total: 4.168700 ms (FindLiveObjects: 0.214500 ms CreateObjectMapping: 0.097900 ms MarkObjects: 3.688300 ms  DeleteObjects: 0.166400 ms)

========================================================================
Received Import Request.
  Time since last request: 97.631194 seconds.
  path: Assets/State/OldCabin/BadEnding-Food.asset
  artifactKey: Guid(e9e31551942db4548903cf08e573431b) Importer(815301076,1909f56bfc062723c751e8b465ee728b)
Start importing Assets/State/OldCabin/BadEnding-Food.asset using Guid(e9e31551942db4548903cf08e573431b) Importer(815301076,1909f56bfc062723c751e8b465ee728b)  -> (artifact id: '0bc46d1ad18bdf64e865759892d88de3') in 0.068899 seconds
  Import took 0.105249 seconds .

========================================================================
Received Import Request.
  Time since last request: 0.000288 seconds.
  path: Assets/State/OldCabin/OldCabin-AskDirection.asset
  artifactKey: Guid(234371e3204572846a21b26f51b4c7fc) Importer(815301076,1909f56bfc062723c751e8b465ee728b)
Start importing Assets/State/OldCabin/OldCabin-AskDirection.asset using Guid(234371e3204572846a21b26f51b4c7fc) Importer(815301076,1909f56bfc062723c751e8b465ee728b)  -> (artifact id: 'f3d0f9a193eb52e0fcab096e8b3f88c3') in 0.023712 seconds
  Import took 0.026828 seconds .

========================================================================
Received Import Request.
  Time since last request: 0.000271 seconds.
  path: Assets/State/OldCabin/OldCabin-Vampire.asset
  artifactKey: Guid(7fa9bf38ab252644caf0eccf817bda63) Importer(815301076,1909f56bfc062723c751e8b465ee728b)
Start importing Assets/State/OldCabin/OldCabin-Vampire.asset using Guid(7fa9bf38ab252644caf0eccf817bda63) Importer(815301076,1909f56bfc062723c751e8b465ee728b)  -> (artifact id: '9a7e9ff8d4d862d96e56d578b2a7a5ae') in 0.003415 seconds
  Import took 0.027741 seconds .

========================================================================
Received Import Request.
  Time since last request: 0.000457 seconds.
  path: Assets/State/OldCabin/BadEnding-Vampire.asset
  artifactKey: Guid(593a6c64bd9162f4ab796cd281e3662f) Importer(815301076,1909f56bfc062723c751e8b465ee728b)
Start importing Assets/State/OldCabin/BadEnding-Vampire.asset using Guid(593a6c64bd9162f4ab796cd281e3662f) Importer(815301076,1909f56bfc062723c751e8b465ee728b)  -> (artifact id: '4783a8116e78024be92f357cb3831893') in 0.009239 seconds
  Import took 0.038845 seconds .

========================================================================
Received Import Request.
  Time since last request: 0.000225 seconds.
  path: Assets/State/OldCabin/OldCabin-Decline.asset
  artifactKey: Guid(6a8c87a6cd18baa4880a621bad99eb32) Importer(815301076,1909f56bfc062723c751e8b465ee728b)
Start importing Assets/State/OldCabin/OldCabin-Decline.asset using Guid(6a8c87a6cd18baa4880a621bad99eb32) Importer(815301076,1909f56bfc062723c751e8b465ee728b)  -> (artifact id: '2586c4e9c955ac42bf95e457908d8b87') in 0.022679 seconds
  Import took 0.054287 seconds .

========================================================================
Received Import Request.
  Time since last request: 0.000183 seconds.
  path: Assets/State/OldCabin/OldCabin-Inside.asset
  artifactKey: Guid(0bf6633e6bf5aba45a7eee09c6a8ec9a) Importer(815301076,1909f56bfc062723c751e8b465ee728b)
Start importing Assets/State/OldCabin/OldCabin-Inside.asset using Guid(0bf6633e6bf5aba45a7eee09c6a8ec9a) Importer(815301076,1909f56bfc062723c751e8b465ee728b)  -> (artifact id: '496a46afb385ba45da7a61405e756df6') in 0.013374 seconds
  Import took 0.017350 seconds .

========================================================================
Received Import Request.
  Time since last request: 0.000364 seconds.
  path: Assets/State/OldCabin/OldCabin-Start.asset
  artifactKey: Guid(c8f47a8c31f58034ab6c3104cb8b4739) Importer(815301076,1909f56bfc062723c751e8b465ee728b)
Start importing Assets/State/OldCabin/OldCabin-Start.asset using Guid(c8f47a8c31f58034ab6c3104cb8b4739) Importer(815301076,1909f56bfc062723c751e8b465ee728b)  -> (artifact id: '76b8e32954e88f017d361e7df282b892') in 0.016305 seconds
  Import took 0.030875 seconds .

========================================================================
Received Import Request.
  Time since last request: 0.000392 seconds.
  path: Assets/State/OldCabin/BadEnding-Spore.asset
  artifactKey: Guid(cd020a73d9588994d9ee0f5bd75f91c8) Importer(815301076,1909f56bfc062723c751e8b465ee728b)
Start importing Assets/State/OldCabin/BadEnding-Spore.asset using Guid(cd020a73d9588994d9ee0f5bd75f91c8) Importer(815301076,1909f56bfc062723c751e8b465ee728b)  -> (artifact id: 'fd807ac1d6a9366c74d5fc1551de61b8') in 0.008153 seconds
  Import took 0.013001 seconds .

========================================================================
Received Import Request.
  Time since last request: 0.001756 seconds.
  path: Assets/State/OldCabin/OldCabin-Vampire-2.asset
  artifactKey: Guid(9fe6ac200dbc571408dae670f19a8abb) Importer(815301076,1909f56bfc062723c751e8b465ee728b)
Start importing Assets/State/OldCabin/OldCabin-Vampire-2.asset using Guid(9fe6ac200dbc571408dae670f19a8abb) Importer(815301076,1909f56bfc062723c751e8b465ee728b)  -> (artifact id: 'a75c8b391820a2e9445d4ece33990c0a') in 0.026494 seconds
  Import took 0.088585 seconds .

========================================================================
Received Import Request.
  Time since last request: 0.000309 seconds.
  path: Assets/State/OldCabin/OldCabin-Inside-2.asset
  artifactKey: Guid(51fb5bf05df5f8c43b5bc8b905045309) Importer(815301076,1909f56bfc062723c751e8b465ee728b)
Start importing Assets/State/OldCabin/OldCabin-Inside-2.asset using Guid(51fb5bf05df5f8c43b5bc8b905045309) Importer(815301076,1909f56bfc062723c751e8b465ee728b)  -> (artifact id: '4527e6e4e95334d5f9ff6d67abb3bd03') in 0.063867 seconds
  Import took 0.067497 seconds .

========================================================================
Received Import Request.
  Time since last request: 0.000412 seconds.
  path: Assets/State/OldCabin/OldCabin-Ask Direction-B.asset
  artifactKey: Guid(9d8ecc9e0e4b7614d88635e784cb8618) Importer(815301076,1909f56bfc062723c751e8b465ee728b)
Start importing Assets/State/OldCabin/OldCabin-Ask Direction-B.asset using Guid(9d8ecc9e0e4b7614d88635e784cb8618) Importer(815301076,1909f56bfc062723c751e8b465ee728b)  -> (artifact id: 'a062a8438911542062f6a0bc02a79a7b') in 0.045160 seconds
  Import took 0.049145 seconds .

========================================================================
Received Prepare
Registering precompiled user dll's ...
Registered in 0.001192 seconds.
Begin MonoManager ReloadAssembly
Native extension for WindowsStandalone target not found
Native extension for WebGL target not found
Refreshing native plugins compatible for Editor in 1.52 ms, found 1 plugins.
Preloading 0 native plugins for Editor in 0.00 ms.
Mono: successfully reloaded assembly
- Completed reload, in  1.882 seconds
Platform modules already initialized, skipping
Refreshing native plugins compatible for Editor in 0.53 ms, found 1 plugins.
Preloading 0 native plugins for Editor in 0.00 ms.
Unloading 1807 Unused Serialized files (Serialized files now loaded: 0)
System memory in use before: 85.2 MB.
System memory in use after: 85.2 MB.

Unloading 12 unused Assets to reduce memory usage. Loaded Objects now: 2267.
Total: 4.324900 ms (FindLiveObjects: 0.400400 ms CreateObjectMapping: 0.175300 ms MarkObjects: 3.486100 ms  DeleteObjects: 0.260100 ms)

========================================================================
Received Prepare
Registering precompiled user dll's ...
Registered in 0.001138 seconds.
Begin MonoManager ReloadAssembly
Native extension for WindowsStandalone target not found
Native extension for WebGL target not found
Refreshing native plugins compatible for Editor in 1.11 ms, found 1 plugins.
Preloading 0 native plugins for Editor in 0.00 ms.
Mono: successfully reloaded assembly
- Completed reload, in  2.044 seconds
Platform modules already initialized, skipping
Refreshing native plugins compatible for Editor in 0.57 ms, found 1 plugins.
Preloading 0 native plugins for Editor in 0.00 ms.
Unloading 1807 Unused Serialized files (Serialized files now loaded: 0)
System memory in use before: 85.3 MB.
System memory in use after: 85.2 MB.

Unloading 12 unused Assets to reduce memory usage. Loaded Objects now: 2271.
Total: 4.275600 ms (FindLiveObjects: 0.320700 ms CreateObjectMapping: 0.147700 ms MarkObjects: 3.642800 ms  DeleteObjects: 0.162200 ms)

========================================================================
Received Import Request.
  Time since last request: 512.440399 seconds.
  path: Assets/Image/OldCabin.jpg
  artifactKey: Guid(8e7104ca316d8cc43b98b71318067949) Importer(815301076,1909f56bfc062723c751e8b465ee728b)
Start importing Assets/Image/OldCabin.jpg using Guid(8e7104ca316d8cc43b98b71318067949) Importer(815301076,1909f56bfc062723c751e8b465ee728b)  -> (artifact id: 'b94cab463c591b45b2fe784d10fa9b67') in 1.661845 seconds
  Import took 1.666749 seconds .

========================================================================
Received Import Request.
  Time since last request: 80.112199 seconds.
  path: Assets/Image/bat.jpg
  artifactKey: Guid(47f8626d82dbf484b99e4102fc440393) Importer(815301076,1909f56bfc062723c751e8b465ee728b)
Start importing Assets/Image/bat.jpg using Guid(47f8626d82dbf484b99e4102fc440393) Importer(815301076,1909f56bfc062723c751e8b465ee728b)  -> (artifact id: 'a052940b3246213b2699b47ab394497b') in 0.144543 seconds
  Import took 0.149370 seconds .

========================================================================
Received Import Request.
  Time since last request: 123.151168 seconds.
  path: Assets/Image/vampire.jpg
  artifactKey: Guid(2278a838fa557a6449d45577046e8628) Importer(815301076,1909f56bfc062723c751e8b465ee728b)
Start importing Assets/Image/vampire.jpg using Guid(2278a838fa557a6449d45577046e8628) Importer(815301076,1909f56bfc062723c751e8b465ee728b)  -> (artifact id: 'ff317d017b088175749afeee3f976378') in 0.219676 seconds
  Import took 0.254189 seconds .

========================================================================
Received Prepare
Registering precompiled user dll's ...
Registered in 0.000751 seconds.
Begin MonoManager ReloadAssembly
Native extension for WindowsStandalone target not found
Native extension for WebGL target not found
Refreshing native plugins compatible for Editor in 0.42 ms, found 1 plugins.
Preloading 0 native plugins for Editor in 0.00 ms.
Mono: successfully reloaded assembly
- Completed reload, in  1.194 seconds
Platform modules already initialized, skipping
Refreshing native plugins compatible for Editor in 0.47 ms, found 1 plugins.
Preloading 0 native plugins for Editor in 0.00 ms.
Unloading 1807 Unused Serialized files (Serialized files now loaded: 0)
System memory in use before: 88.3 MB.
System memory in use after: 88.3 MB.

Unloading 12 unused Assets to reduce memory usage. Loaded Objects now: 2283.
Total: 3.244100 ms (FindLiveObjects: 0.435700 ms CreateObjectMapping: 0.172300 ms MarkObjects: 2.509200 ms  DeleteObjects: 0.123900 ms)

========================================================================
Received Import Request.
  Time since last request: 539.002081 seconds.
  path: Assets/Image/Forest.jpg
  artifactKey: Guid(63ab94b4def79294cb9ac87432aa1d86) Importer(815301076,1909f56bfc062723c751e8b465ee728b)
Start importing Assets/Image/Forest.jpg using Guid(63ab94b4def79294cb9ac87432aa1d86) Importer(815301076,1909f56bfc062723c751e8b465ee728b)  -> (artifact id: 'bb1af805987f7fd6f7f993f4dffe8bc7') in 0.213722 seconds
  Import took 0.236300 seconds .

========================================================================
Received Import Request.
  Time since last request: 528.139244 seconds.
  path: Assets/State/Forest/End.png
  artifactKey: Guid(a90178f0c19b2174fb543eede02f2a5a) Importer(815301076,1909f56bfc062723c751e8b465ee728b)
Start importing Assets/State/Forest/End.png using Guid(a90178f0c19b2174fb543eede02f2a5a) Importer(815301076,1909f56bfc062723c751e8b465ee728b)  -> (artifact id: '7422cf03cdb82145d69293aac42b3b03') in 0.190795 seconds
  Import took 0.216121 seconds .

========================================================================
Received Import Request.
  Time since last request: 10.219975 seconds.
  path: Assets/Image/End.png
  artifactKey: Guid(fc7e04254d0619449a1b7710d6af114d) Importer(815301076,1909f56bfc062723c751e8b465ee728b)
Start importing Assets/Image/End.png using Guid(fc7e04254d0619449a1b7710d6af114d) Importer(815301076,1909f56bfc062723c751e8b465ee728b)  -> (artifact id: '42e1ffb5ccbcff454ba26478755fd42c') in 0.013644 seconds
  Import took 0.017999 seconds .

========================================================================
Received Prepare
Registering precompiled user dll's ...
Registered in 0.017141 seconds.
Begin MonoManager ReloadAssembly
Native extension for WindowsStandalone target not found
Native extension for WebGL target not found
Refreshing native plugins compatible for Editor in 0.39 ms, found 1 plugins.
Preloading 0 native plugins for Editor in 0.00 ms.
Mono: successfully reloaded assembly
- Completed reload, in  1.122 seconds
Platform modules already initialized, skipping
Refreshing native plugins compatible for Editor in 0.38 ms, found 1 plugins.
Preloading 0 native plugins for Editor in 0.00 ms.
Unloading 1807 Unused Serialized files (Serialized files now loaded: 0)
System memory in use before: 88.4 MB.
System memory in use after: 88.3 MB.

Unloading 12 unused Assets to reduce memory usage. Loaded Objects now: 2290.
Total: 3.180500 ms (FindLiveObjects: 0.539300 ms CreateObjectMapping: 0.136000 ms MarkObjects: 2.284300 ms  DeleteObjects: 0.218900 ms)

========================================================================
Received Import Request.
  Time since last request: 107.485041 seconds.
  path: Assets/Image/End.png
  artifactKey: Guid(fc7e04254d0619449a1b7710d6af114d) Importer(815301076,1909f56bfc062723c751e8b465ee728b)
Start importing Assets/Image/End.png using Guid(fc7e04254d0619449a1b7710d6af114d) Importer(815301076,1909f56bfc062723c751e8b465ee728b)  -> (artifact id: '133882947367aefac7f6f4193766fa6b') in 0.084530 seconds
  Import took 0.089073 seconds .

========================================================================
Received Import Request.
  Time since last request: 27.868325 seconds.
  path: Assets/Image/End.jpg
  artifactKey: Guid(3a56e511013411e48865064b7d239496) Importer(815301076,1909f56bfc062723c751e8b465ee728b)
Start importing Assets/Image/End.jpg using Guid(3a56e511013411e48865064b7d239496) Importer(815301076,1909f56bfc062723c751e8b465ee728b)  -> (artifact id: '3997e209f92c6022a513af827d5e7002') in 0.044339 seconds
  Import took 0.064219 seconds .

========================================================================
Received Prepare
Registering precompiled user dll's ...
Registered in 0.138653 seconds.
Begin MonoManager ReloadAssembly
Native extension for WindowsStandalone target not found
Native extension for WebGL target not found
Refreshing native plugins compatible for Editor in 0.46 ms, found 1 plugins.
Preloading 0 native plugins for Editor in 0.00 ms.
Mono: successfully reloaded assembly
- Completed reload, in  4.396 seconds
Platform modules already initialized, skipping
Refreshing native plugins compatible for Editor in 0.36 ms, found 1 plugins.
Preloading 0 native plugins for Editor in 0.00 ms.
Unloading 1807 Unused Serialized files (Serialized files now loaded: 0)
System memory in use before: 88.4 MB.
System memory in use after: 88.4 MB.

Unloading 12 unused Assets to reduce memory usage. Loaded Objects now: 2297.
Total: 33.413900 ms (FindLiveObjects: 0.454100 ms CreateObjectMapping: 0.110700 ms MarkObjects: 2.930900 ms  DeleteObjects: 29.907400 ms)

========================================================================
Received Prepare
Registering precompiled user dll's ...
Registered in 0.000791 seconds.
Begin MonoManager ReloadAssembly
Native extension for WindowsStandalone target not found
Native extension for WebGL target not found
Refreshing native plugins compatible for Editor in 0.43 ms, found 1 plugins.
Preloading 0 native plugins for Editor in 0.00 ms.
Mono: successfully reloaded assembly
- Completed reload, in  1.689 seconds
Platform modules already initialized, skipping
Refreshing native plugins compatible for Editor in 0.45 ms, found 1 plugins.
Preloading 0 native plugins for Editor in 0.00 ms.
Unloading 1807 Unused Serialized files (Serialized files now loaded: 0)
System memory in use before: 88.4 MB.
System memory in use after: 88.4 MB.

Unloading 12 unused Assets to reduce memory usage. Loaded Objects now: 2301.
Total: 26.923000 ms (FindLiveObjects: 0.232700 ms CreateObjectMapping: 0.092200 ms MarkObjects: 1.655400 ms  DeleteObjects: 24.941700 ms)

========================================================================
Received Prepare
Refreshing native plugins compatible for Editor in 1.64 ms, found 1 plugins.
Preloading 0 native plugins for Editor in 0.00 ms.
Unloading 10 Unused Serialized files (Serialized files now loaded: 0)
System memory in use before: 52.8 MB.
System memory in use after: 52.8 MB.

Unloading 10 unused Assets to reduce memory usage. Loaded Objects now: 2301.
Total: 2.836200 ms (FindLiveObjects: 0.439300 ms CreateObjectMapping: 0.314500 ms MarkObjects: 1.956300 ms  DeleteObjects: 0.124400 ms)

========================================================================
Received Import Request.
  Time since last request: 4698.603651 seconds.
  path: Assets/Image/drown.jpg
  artifactKey: Guid(463c31d383d54a84b8d91573d2e7433f) Importer(815301076,1909f56bfc062723c751e8b465ee728b)
Start importing Assets/Image/drown.jpg using Guid(463c31d383d54a84b8d91573d2e7433f) Importer(815301076,1909f56bfc062723c751e8b465ee728b)  -> (artifact id: 'c2a60ab8cf20a0e5aa993362ec5b94b9') in 0.298187 seconds
  Import took 0.302638 seconds .

========================================================================
Received Prepare
Registering precompiled user dll's ...
Registered in 0.001713 seconds.
Begin MonoManager ReloadAssembly
Native extension for WindowsStandalone target not found
Native extension for WebGL target not found
Refreshing native plugins compatible for Editor in 0.35 ms, found 1 plugins.
Preloading 0 native plugins for Editor in 0.00 ms.
Mono: successfully reloaded assembly
- Completed reload, in  1.397 seconds
Platform modules already initialized, skipping
Refreshing native plugins compatible for Editor in 0.56 ms, found 1 plugins.
Preloading 0 native plugins for Editor in 0.00 ms.
Unloading 1807 Unused Serialized files (Serialized files now loaded: 0)
System memory in use before: 88.4 MB.
System memory in use after: 88.4 MB.

Unloading 12 unused Assets to reduce memory usage. Loaded Objects now: 2306.
Total: 3.037700 ms (FindLiveObjects: 0.349100 ms CreateObjectMapping: 0.099300 ms MarkObjects: 2.410600 ms  DeleteObjects: 0.175700 ms)

========================================================================
Received Import Request.
  Time since last request: 135.304699 seconds.
  path: Assets/Image/doll 1.jpg
  artifactKey: Guid(0593e978db366784f8d67b3130d7daed) Importer(815301076,1909f56bfc062723c751e8b465ee728b)
Start importing Assets/Image/doll 1.jpg using Guid(0593e978db366784f8d67b3130d7daed) Importer(815301076,1909f56bfc062723c751e8b465ee728b)  -> (artifact id: '62c6c798f094398dc11e73e7ac7fe1d3') in 0.189891 seconds
  Import took 0.193694 seconds .

========================================================================
Received Import Request.
  Time since last request: 142.881328 seconds.
  path: Assets/Image/burn.jpg
  artifactKey: Guid(a04ec1864e2267145890f01fcdb5731c) Importer(815301076,1909f56bfc062723c751e8b465ee728b)
Start importing Assets/Image/burn.jpg using Guid(a04ec1864e2267145890f01fcdb5731c) Importer(815301076,1909f56bfc062723c751e8b465ee728b)  -> (artifact id: '0396cce26b252e421e7ea465a1566b39') in 0.096691 seconds
  Import took 0.132287 seconds .

========================================================================
Received Import Request.
  Time since last request: 179.167722 seconds.
  path: Assets/Image/bloody.jpg
  artifactKey: Guid(5302d90d47dbc84429e4e4b91fa5869b) Importer(815301076,1909f56bfc062723c751e8b465ee728b)
Start importing Assets/Image/bloody.jpg using Guid(5302d90d47dbc84429e4e4b91fa5869b) Importer(815301076,1909f56bfc062723c751e8b465ee728b)  -> (artifact id: 'd9661a56b1830e2c42aeb0676d9b7808') in 0.068480 seconds
  Import took 0.095123 seconds .

========================================================================
Received Import Request.
  Time since last request: 615.603546 seconds.
  path: Assets/Image/whisper.jpg
  artifactKey: Guid(088e19eda9aeae94db18a838c2a7603f) Importer(815301076,1909f56bfc062723c751e8b465ee728b)
Start importing Assets/Image/whisper.jpg using Guid(088e19eda9aeae94db18a838c2a7603f) Importer(815301076,1909f56bfc062723c751e8b465ee728b)  -> (artifact id: '267747d58401f2f78721e73d1d77576a') in 0.027224 seconds
  Import took 0.054174 seconds .

========================================================================
Received Prepare
Registering precompiled user dll's ...
Registered in 0.000780 seconds.
Begin MonoManager ReloadAssembly
Native extension for WindowsStandalone target not found
Native extension for WebGL target not found
Refreshing native plugins compatible for Editor in 0.41 ms, found 1 plugins.
Preloading 0 native plugins for Editor in 0.00 ms.
Mono: successfully reloaded assembly
- Completed reload, in  1.464 seconds
Platform modules already initialized, skipping
Refreshing native plugins compatible for Editor in 0.39 ms, found 1 plugins.
Preloading 0 native plugins for Editor in 0.00 ms.
Unloading 1807 Unused Serialized files (Serialized files now loaded: 0)
System memory in use before: 88.4 MB.
System memory in use after: 88.4 MB.

Unloading 12 unused Assets to reduce memory usage. Loaded Objects now: 2313.
Total: 3.730700 ms (FindLiveObjects: 0.514200 ms CreateObjectMapping: 0.203400 ms MarkObjects: 2.739800 ms  DeleteObjects: 0.271100 ms)

========================================================================
Received Import Request.
  Time since last request: 173.582137 seconds.
  path: Assets/Image/whisper 1.jpg
  artifactKey: Guid(756b662014b6fb34a9492af6cbaf4c5a) Importer(815301076,1909f56bfc062723c751e8b465ee728b)
Start importing Assets/Image/whisper 1.jpg using Guid(756b662014b6fb34a9492af6cbaf4c5a) Importer(815301076,1909f56bfc062723c751e8b465ee728b)  -> (artifact id: '6a670073f626820fea7a3af559a66ad5') in 0.308321 seconds
  Import took 0.312312 seconds .

========================================================================
Received Import Request.
  Time since last request: 10.536420 seconds.
  path: Assets/Image/whisper.jpg
  artifactKey: Guid(756b662014b6fb34a9492af6cbaf4c5a) Importer(815301076,1909f56bfc062723c751e8b465ee728b)
Start importing Assets/Image/whisper.jpg using Guid(756b662014b6fb34a9492af6cbaf4c5a) Importer(815301076,1909f56bfc062723c751e8b465ee728b)  -> (artifact id: '15905b7edf010c72e321f4b1907d4316') in 0.015211 seconds
  Import took 0.060348 seconds .

========================================================================
Received Prepare
Registering precompiled user dll's ...
Registered in 0.001057 seconds.
Begin MonoManager ReloadAssembly
Native extension for WindowsStandalone target not found
Native extension for WebGL target not found
Refreshing native plugins compatible for Editor in 0.48 ms, found 1 plugins.
Preloading 0 native plugins for Editor in 0.00 ms.
Mono: successfully reloaded assembly
- Completed reload, in  1.077 seconds
Platform modules already initialized, skipping
Refreshing native plugins compatible for Editor in 0.38 ms, found 1 plugins.
Preloading 0 native plugins for Editor in 0.00 ms.
Unloading 1807 Unused Serialized files (Serialized files now loaded: 0)
System memory in use before: 88.5 MB.
System memory in use after: 88.4 MB.

Unloading 12 unused Assets to reduce memory usage. Loaded Objects now: 2320.
Total: 2.429900 ms (FindLiveObjects: 0.230300 ms CreateObjectMapping: 0.086500 ms MarkObjects: 1.944700 ms  DeleteObjects: 0.166300 ms)

========================================================================
Received Prepare
Refreshing native plugins compatible for Editor in 1.58 ms, found 1 plugins.
Preloading 0 native plugins for Editor in 0.00 ms.
Unloading 10 Unused Serialized files (Serialized files now loaded: 0)
System memory in use before: 52.9 MB.
System memory in use after: 52.9 MB.

Unloading 10 unused Assets to reduce memory usage. Loaded Objects now: 2320.
Total: 6.662900 ms (FindLiveObjects: 1.258100 ms CreateObjectMapping: 0.329100 ms MarkObjects: 4.825300 ms  DeleteObjects: 0.247200 ms)

========================================================================
Received Import Request.
  Time since last request: 109.900271 seconds.
  path: Assets/State/Attic/AtticScene-Candle.asset
  artifactKey: Guid(bde5a969a0ac7024a928473f8c115304) Importer(815301076,1909f56bfc062723c751e8b465ee728b)
Start importing Assets/State/Attic/AtticScene-Candle.asset using Guid(bde5a969a0ac7024a928473f8c115304) Importer(815301076,1909f56bfc062723c751e8b465ee728b)  -> (artifact id: 'fc7358789dd800d62ef53cb133cafc9d') in 2.829428 seconds
  Import took 2.834776 seconds .

========================================================================
Received Import Request.
  Time since last request: 0.000407 seconds.
  path: Assets/State/Attic/AtticScene-Doll-A.asset
  artifactKey: Guid(673776d859ef0714fa00f91a90e01250) Importer(815301076,1909f56bfc062723c751e8b465ee728b)
Start importing Assets/State/Attic/AtticScene-Doll-A.asset using Guid(673776d859ef0714fa00f91a90e01250) Importer(815301076,1909f56bfc062723c751e8b465ee728b)  -> (artifact id: '3195df22d798eee47e2f1d77646c3f44') in 0.055146 seconds
  Import took 0.059768 seconds .

========================================================================
Received Import Request.
  Time since last request: 0.000422 seconds.
  path: Assets/State/Attic/AtticScene-Doll.asset
  artifactKey: Guid(ec9f6a7707948ca40868dc4f87e83971) Importer(815301076,1909f56bfc062723c751e8b465ee728b)
Start importing Assets/State/Attic/AtticScene-Doll.asset using Guid(ec9f6a7707948ca40868dc4f87e83971) Importer(815301076,1909f56bfc062723c751e8b465ee728b)  -> (artifact id: '2bc958f138a3f075a3b0793b965ef664') in 0.026707 seconds
  Import took 0.033856 seconds .

========================================================================
Received Import Request.
  Time since last request: 0.000394 seconds.
  path: Assets/State/Attic/AtticScene-Doll-B.asset
  artifactKey: Guid(1b298e860ededbf4a8bf51d11f49ffa5) Importer(815301076,1909f56bfc062723c751e8b465ee728b)
Start importing Assets/State/Attic/AtticScene-Doll-B.asset using Guid(1b298e860ededbf4a8bf51d11f49ffa5) Importer(815301076,1909f56bfc062723c751e8b465ee728b)  -> (artifact id: '3a58c3e31b7a860e25c0563049a391be') in 0.025969 seconds
  Import took 0.031533 seconds .

========================================================================
Received Import Request.
  Time since last request: 0.000346 seconds.
  path: Assets/State/Attic/AtticScene-Chest.asset
  artifactKey: Guid(62ea7dd11fa870b4e8a66c3199e00fd5) Importer(815301076,1909f56bfc062723c751e8b465ee728b)
Start importing Assets/State/Attic/AtticScene-Chest.asset using Guid(62ea7dd11fa870b4e8a66c3199e00fd5) Importer(815301076,1909f56bfc062723c751e8b465ee728b)  -> (artifact id: '215df3a8ba0ec4a3d67ed80008223288') in 0.071517 seconds
  Import took 0.076876 seconds .

========================================================================
Received Import Request.
  Time since last request: 0.000351 seconds.
  path: Assets/State/Attic/BadEnd-Doll.asset
  artifactKey: Guid(c186008e6f75fca49a221cc9e88e4513) Importer(815301076,1909f56bfc062723c751e8b465ee728b)
Start importing Assets/State/Attic/BadEnd-Doll.asset using Guid(c186008e6f75fca49a221cc9e88e4513) Importer(815301076,1909f56bfc062723c751e8b465ee728b)  -> (artifact id: '872569f9c06552ba48c59739f4fe1327') in 0.025217 seconds
  Import took 0.058009 seconds .

========================================================================
Received Import Request.
  Time since last request: 0.000329 seconds.
  path: Assets/State/Attic/AtticScene-Start.asset
  artifactKey: Guid(0cd3b9716db1234448ec2f3d5392443d) Importer(815301076,1909f56bfc062723c751e8b465ee728b)
Start importing Assets/State/Attic/AtticScene-Start.asset using Guid(0cd3b9716db1234448ec2f3d5392443d) Importer(815301076,1909f56bfc062723c751e8b465ee728b)  -> (artifact id: 'bfee24a7d7dd89afee575b4f6b19e4f7') in 0.023558 seconds
  Import took 0.111756 seconds .

========================================================================
Received Import Request.
  Time since last request: 0.000326 seconds.
  path: Assets/State/Attic/AtticScene-LeaveChest.asset
  artifactKey: Guid(76e52930b425c7649b75b29c31f25948) Importer(815301076,1909f56bfc062723c751e8b465ee728b)
Start importing Assets/State/Attic/AtticScene-LeaveChest.asset using Guid(76e52930b425c7649b75b29c31f25948) Importer(815301076,1909f56bfc062723c751e8b465ee728b)  -> (artifact id: 'e5f48413cc75ff96a082553581b82c94') in 0.025359 seconds
  Import took 0.051536 seconds .

========================================================================
Received Import Request.
  Time since last request: 0.000328 seconds.
  path: Assets/State/Attic/BadEnd-Doll-A.asset
  artifactKey: Guid(f3476804cdb48cc4cabdef8f542adcbe) Importer(815301076,1909f56bfc062723c751e8b465ee728b)
Start importing Assets/State/Attic/BadEnd-Doll-A.asset using Guid(f3476804cdb48cc4cabdef8f542adcbe) Importer(815301076,1909f56bfc062723c751e8b465ee728b)  -> (artifact id: '2300a52e333597fd305b7ed057a5e1f4') in 0.022291 seconds
  Import took 0.026425 seconds .

========================================================================
Received Import Request.
  Time since last request: 0.000373 seconds.
  path: Assets/State/Attic/BlowCandle.asset
  artifactKey: Guid(1c94ef8b70c12214caabbf25f9180e26) Importer(815301076,1909f56bfc062723c751e8b465ee728b)
Start importing Assets/State/Attic/BlowCandle.asset using Guid(1c94ef8b70c12214caabbf25f9180e26) Importer(815301076,1909f56bfc062723c751e8b465ee728b)  -> (artifact id: '976a58ff40a08424b7db77bd7a9be04c') in 0.065834 seconds
  Import took 0.111866 seconds .

========================================================================
Received Import Request.
  Time since last request: 1.024058 seconds.
  path: Assets/State/Attic/AtticScene-Candle.asset
  artifactKey: Guid(bde5a969a0ac7024a928473f8c115304) Importer(815301076,1909f56bfc062723c751e8b465ee728b)
Start importing Assets/State/Attic/AtticScene-Candle.asset using Guid(bde5a969a0ac7024a928473f8c115304) Importer(815301076,1909f56bfc062723c751e8b465ee728b)  -> (artifact id: 'fc7358789dd800d62ef53cb133cafc9d') in 0.083644 seconds
  Import took 0.089000 seconds .

========================================================================
Received Prepare
Registering precompiled user dll's ...
Registered in 0.060631 seconds.
Begin MonoManager ReloadAssembly
Native extension for WindowsStandalone target not found
Native extension for WebGL target not found
Refreshing native plugins compatible for Editor in 0.46 ms, found 1 plugins.
Preloading 0 native plugins for Editor in 0.00 ms.
Mono: successfully reloaded assembly
- Completed reload, in  2.207 seconds
Platform modules already initialized, skipping
Refreshing native plugins compatible for Editor in 0.37 ms, found 1 plugins.
Preloading 0 native plugins for Editor in 0.00 ms.
Unloading 1807 Unused Serialized files (Serialized files now loaded: 0)
System memory in use before: 88.5 MB.
System memory in use after: 88.4 MB.

Unloading 12 unused Assets to reduce memory usage. Loaded Objects now: 2324.
Total: 2.551700 ms (FindLiveObjects: 0.199300 ms CreateObjectMapping: 0.066000 ms MarkObjects: 2.038600 ms  DeleteObjects: 0.246600 ms)

========================================================================
Received Prepare
Registering precompiled user dll's ...
Registered in 0.001044 seconds.
Begin MonoManager ReloadAssembly
Native extension for WindowsStandalone target not found
Native extension for WebGL target not found
Refreshing native plugins compatible for Editor in 1.08 ms, found 1 plugins.
Preloading 0 native plugins for Editor in 0.00 ms.
Mono: successfully reloaded assembly
- Completed reload, in  2.030 seconds
Platform modules already initialized, skipping
Refreshing native plugins compatible for Editor in 1.19 ms, found 1 plugins.
Preloading 0 native plugins for Editor in 0.00 ms.
Unloading 1807 Unused Serialized files (Serialized files now loaded: 0)
System memory in use before: 88.5 MB.
System memory in use after: 88.4 MB.

Unloading 12 unused Assets to reduce memory usage. Loaded Objects now: 2328.
Total: 8.730700 ms (FindLiveObjects: 1.426700 ms CreateObjectMapping: 0.404900 ms MarkObjects: 6.600500 ms  DeleteObjects: 0.295400 ms)

========================================================================
Received Import Request.
  Time since last request: 4652.334160 seconds.
  path: Assets/State/ErrorText-2.asset
  artifactKey: Guid(2daa25d3143c563498d7858015b27305) Importer(815301076,1909f56bfc062723c751e8b465ee728b)
Start importing Assets/State/ErrorText-2.asset using Guid(2daa25d3143c563498d7858015b27305) Importer(815301076,1909f56bfc062723c751e8b465ee728b)  -> (artifact id: '372b70ae925e078228207807f92ff7ea') in 2.171355 seconds
  Import took 2.234809 seconds .

========================================================================
Received Import Request.
  Time since last request: 0.000258 seconds.
  path: Assets/State/GoingLeftScene.asset
  artifactKey: Guid(27576b0f8eaa5424a9b12b5a790cd9a2) Importer(815301076,1909f56bfc062723c751e8b465ee728b)
Start importing Assets/State/GoingLeftScene.asset using Guid(27576b0f8eaa5424a9b12b5a790cd9a2) Importer(815301076,1909f56bfc062723c751e8b465ee728b)  -> (artifact id: 'f23736562f2c4308ce1a7f2b225fe769') in 0.034126 seconds
  Import took 0.054847 seconds .

========================================================================
Received Import Request.
  Time since last request: 1.869122 seconds.
  path: Assets/Script/AdventureGame.cs
  artifactKey: Guid(d5afe5db098c69348b8a80c9d70db738) Importer(815301076,1909f56bfc062723c751e8b465ee728b)
Start importing Assets/Script/AdventureGame.cs using Guid(d5afe5db098c69348b8a80c9d70db738) Importer(815301076,1909f56bfc062723c751e8b465ee728b)  -> (artifact id: 'bab737b7047f3b93bca36aed81f17ec1') in 0.160758 seconds
  Import took 0.180171 seconds .

========================================================================
Received Import Request.
  Time since last request: 133.269550 seconds.
  path: Assets/Script/AdventureGame.cs
  artifactKey: Guid(d5afe5db098c69348b8a80c9d70db738) Importer(815301076,1909f56bfc062723c751e8b465ee728b)
Start importing Assets/Script/AdventureGame.cs using Guid(d5afe5db098c69348b8a80c9d70db738) Importer(815301076,1909f56bfc062723c751e8b465ee728b)  -> (artifact id: '21d890bf4238e9dc1153c540be597da7') in 0.008009 seconds
  Import took 0.012859 seconds .

========================================================================
Received Prepare
Registering precompiled user dll's ...
Registered in 0.000968 seconds.
Begin MonoManager ReloadAssembly
Native extension for WindowsStandalone target not found
Native extension for WebGL target not found
Refreshing native plugins compatible for Editor in 0.34 ms, found 1 plugins.
Preloading 0 native plugins for Editor in 0.00 ms.
Mono: successfully reloaded assembly
- Completed reload, in  1.188 seconds
Platform modules already initialized, skipping
Refreshing native plugins compatible for Editor in 0.35 ms, found 1 plugins.
Preloading 0 native plugins for Editor in 0.00 ms.
Unloading 1807 Unused Serialized files (Serialized files now loaded: 0)
System memory in use before: 88.5 MB.
System memory in use after: 88.5 MB.

Unloading 12 unused Assets to reduce memory usage. Loaded Objects now: 2332.
Total: 3.458900 ms (FindLiveObjects: 0.190800 ms CreateObjectMapping: 0.061400 ms MarkObjects: 3.044500 ms  DeleteObjects: 0.161300 ms)

========================================================================
Received Prepare
Registering precompiled user dll's ...
Registered in 0.000967 seconds.
Begin MonoManager ReloadAssembly
Native extension for WindowsStandalone target not found
Native extension for WebGL target not found
Refreshing native plugins compatible for Editor in 0.41 ms, found 1 plugins.
Preloading 0 native plugins for Editor in 0.00 ms.
Mono: successfully reloaded assembly
- Completed reload, in  1.360 seconds
Platform modules already initialized, skipping
Refreshing native plugins compatible for Editor in 0.42 ms, found 1 plugins.
Preloading 0 native plugins for Editor in 0.00 ms.
Unloading 1807 Unused Serialized files (Serialized files now loaded: 0)
System memory in use before: 88.5 MB.
System memory in use after: 88.5 MB.

Unloading 12 unused Assets to reduce memory usage. Loaded Objects now: 2336.
Total: 3.846300 ms (FindLiveObjects: 0.569400 ms CreateObjectMapping: 0.145900 ms MarkObjects: 2.942400 ms  DeleteObjects: 0.184600 ms)

========================================================================
Received Import Request.
  Time since last request: 76.533768 seconds.
  path: Assets/Script/AdventureGame.cs
  artifactKey: Guid(d5afe5db098c69348b8a80c9d70db738) Importer(815301076,1909f56bfc062723c751e8b465ee728b)
Start importing Assets/Script/AdventureGame.cs using Guid(d5afe5db098c69348b8a80c9d70db738) Importer(815301076,1909f56bfc062723c751e8b465ee728b)  -> (artifact id: '41bc51031d67b81615bf176e5efafa69') in 0.006847 seconds
  Import took 0.056292 seconds .

========================================================================
Received Import Request.
  Time since last request: 10.548188 seconds.
  path: Assets/Script/AdventureGame.cs
  artifactKey: Guid(d5afe5db098c69348b8a80c9d70db738) Importer(815301076,1909f56bfc062723c751e8b465ee728b)
Start importing Assets/Script/AdventureGame.cs using Guid(d5afe5db098c69348b8a80c9d70db738) Importer(815301076,1909f56bfc062723c751e8b465ee728b)  -> (artifact id: '886618a6308969f4d541284ac4159c4e') in 0.002653 seconds
  Import took 0.061239 seconds .

========================================================================
Received Prepare
Registering precompiled user dll's ...
Registered in 0.001093 seconds.
Begin MonoManager ReloadAssembly
Native extension for WindowsStandalone target not found
Native extension for WebGL target not found
Refreshing native plugins compatible for Editor in 0.46 ms, found 1 plugins.
Preloading 0 native plugins for Editor in 0.00 ms.
Mono: successfully reloaded assembly
- Completed reload, in  1.334 seconds
Platform modules already initialized, skipping
Refreshing native plugins compatible for Editor in 0.42 ms, found 1 plugins.
Preloading 0 native plugins for Editor in 0.00 ms.
Unloading 1807 Unused Serialized files (Serialized files now loaded: 0)
System memory in use before: 88.5 MB.
System memory in use after: 88.5 MB.

Unloading 12 unused Assets to reduce memory usage. Loaded Objects now: 2340.
Total: 2.653900 ms (FindLiveObjects: 0.253500 ms CreateObjectMapping: 0.087900 ms MarkObjects: 2.175900 ms  DeleteObjects: 0.135000 ms)

AssetImportWorkerClient::OnTransportError - code=2 error=End of file
